2023-06-30T15:32:14.575685 [ENB    ] [I] Using binary ./build/srsenb/src/srsenb with arguments: --config_file ./configs/enb.conf 
2023-06-30T15:32:14.615094 [ENB    ] [I] Built in Release mode using commit c07ee39c on branch main.
2023-06-30T15:32:14.616402 [ENB    ] [I] Using sync queue size of one for ZMQ based radio.
2023-06-30T15:32:15.034894 [RRC    ] [I] Tx Broadcast PDU - systemInformationBlockType1, cc=0, idx=0 (109 B)
    0000: 40 40 04 03 00 07 00 19 b0 18 14 60 10 82 81 74
    0010: c0 c0 c0 c0 c0 c0 c0 c0 c0 c0 c0 c4 c4 c0 c0 c4
2023-06-30T15:32:15.035056 [RRC    ] [D] Content:
[
  {
    "BCCH-DL-SCH-Message": {
      "message": {
        "c1": {
          "systemInformationBlockType1": {
            "cellAccessRelatedInfo": {
              "plmn-IdentityList": [
                {
                  "plmn-Identity": {
                    "mcc": [
                      0,
                      0,
                      1
                    ],
                    "mnc": [
                      0,
                      1
                    ]
                  },
                  "cellReservedForOperatorUse": "notReserved"
                }
              ],
              "trackingAreaCode": "0000000000000111",
              "cellIdentity": "0000000000011001101100000001",
              "cellBarred": "notBarred",
              "intraFreqReselection": "allowed",
              "csg-Indication": false
            },
            "cellSelectionInfo": {
              "q-RxLevMin": -65
            },
            "freqBandIndicator": 7,
            "schedulingInfoList": [
              {
                "si-Periodicity": "rf16",
                "sib-MappingInfo": [
                  "sibType3"
                ]
              }
            ],
            "si-WindowLength": "ms20",
            "systemInfoValueTag": 0
          }
        }
      }
    }
  }
]
2023-06-30T15:32:15.035067 [RRC    ] [I] Tx Broadcast PDU - systemInformation-r8, cc=0, idx=1 (33 B)
    0000: 00 80 0c e1 bf 78 88 00 ca 11 e0 01 00 00 08 01
    0010: 82 99 45 ab 9c 30 c6 a6 cc c1 c2 14 62 d8 4e a5
2023-06-30T15:32:15.035103 [RRC    ] [D] Content:
[
  {
    "BCCH-DL-SCH-Message": {
      "message": {
        "c1": {
          "systemInformation": {
            "criticalExtensions": {
              "systemInformation-r8": {
                "sib-TypeAndInfo": [
                  {
                    "sib2": {
                      "radioResourceConfigCommon": {
                        "rach-ConfigCommon": {
                          "preambleInfo": {
                            "numberOfRA-Preambles": "n52"
                          },
                          "powerRampingParameters": {
                            "powerRampingStep": "dB6",
                            "preambleInitialReceivedTargetPower": "dBm-104"
                          },
                          "ra-SupervisionInfo": {
                            "preambleTransMax": "n10",
                            "ra-ResponseWindowSize": "sf10",
                            "mac-ContentionResolutionTimer": "sf64"
                          },
                          "maxHARQ-Msg3Tx": 4
                        },
                        "bcch-Config": {
                          "modificationPeriodCoeff": "n16"
                        },
                        "pcch-Config": {
                          "defaultPagingCycle": "rf32",
                          "nB": "oneT"
                        },
                        "prach-Config": {
                          "rootSequenceIndex": 128,
                          "prach-ConfigInfo": {
                            "prach-ConfigIndex": 3,
                            "highSpeedFlag": false,
                            "zeroCorrelationZoneConfig": 5,
                            "prach-FreqOffset": 4
                          }
                        },
                        "pdsch-ConfigCommon": {
                          "referenceSignalPower": 0,
                          "p-b": 0
                        },
                        "pusch-ConfigCommon": {
                          "pusch-ConfigBasic": {
                            "n-SB": 1,
                            "hoppingMode": "interSubFrame",
                            "pusch-HoppingOffset": 2,
                            "enable64QAM": false
                          },
                          "ul-ReferenceSignalsPUSCH": {
                            "groupHoppingEnabled": false,
                            "groupAssignmentPUSCH": 0,
                            "sequenceHoppingEnabled": false,
                            "cyclicShift": 0
                          }
                        },
                        "pucch-ConfigCommon": {
                          "deltaPUCCH-Shift": "ds1",
                          "nRB-CQI": 1,
                          "nCS-AN": 0,
                          "n1PUCCH-AN": 12
                        },
                        "soundingRS-UL-ConfigCommon": {
                        },
                        "uplinkPowerControlCommon": {
                          "p0-NominalPUSCH": -85,
                          "alpha": "al07",
                          "p0-NominalPUCCH": -107,
                          "deltaFList-PUCCH": {
                            "deltaF-PUCCH-Format1": "deltaF0",
                            "deltaF-PUCCH-Format1b": "deltaF3",
                            "deltaF-PUCCH-Format2": "deltaF1",
                            "deltaF-PUCCH-Format2a": "deltaF2",
                            "deltaF-PUCCH-Format2b": "deltaF2"
                          },
                          "deltaPreambleMsg3": 6
                        },
                        "ul-CyclicPrefixLength": "len1"
                      },
                      "ue-TimersAndConstants": {
                        "t300": "ms2000",
                        "t301": "ms100",
                        "t310": "ms200",
                        "n310": "n1",
                        "t311": "ms10000",
                        "n311": "n1"
                      },
                      "freqInfo": {
                        "ul-CarrierFreq": 21350,
                        "ul-Bandwidth": "n50",
                        "additionalSpectrumEmission": 1
                      },
                      "timeAlignmentTimerCommon": "infinity"
                    }
                  },
                  {
                    "sib3": {
                      "cellReselectionInfoCommon": {
                        "q-Hyst": "dB2"
                      },
                      "cellReselectionServingFreqInfo": {
                        "s-NonIntraSearch": 3,
                        "threshServingLow": 2,
                        "cellReselectionPriority": 6
                      },
                      "intraFreqCellReselectionInfo": {
                        "q-RxLevMin": -61,
                        "p-Max": 23,
                        "s-IntraSearch": 5,
                        "presenceAntennaPort1": true,
                        "neighCellConfig": "01",
                        "t-ReselectionEUTRA": 1
                      }
                    }
                  }
                ]
              }
            }
          }
        }
      }
    }
  }
]
2023-06-30T15:32:15.035108 [RRC    ] [I] Allocating 1 PRBs for PUCCH
2023-06-30T15:32:15.035228 [MAC    ] [I] [    0] Using time-domain PF scheduling policy for cc=0
2023-06-30T15:32:15.035238 [RRC    ] [I] T310 200, T311 10000, N310 1
2023-06-30T15:32:15.035238 [RRC    ] [I] Inactivity timeout: 30000 ms
2023-06-30T15:32:15.035239 [RRC    ] [I] Max consecutive MAC KOs: 100
2023-06-30T15:32:15.035245 [RRC    ] [D] SRB1 configuration: {
}
2023-06-30T15:32:15.035246 [RRC    ] [D] SRB2 configuration: {
}
2023-06-30T15:32:15.035248 [S1AP   ] [I] Proc "MME Connection" - Starting new MME connection.
2023-06-30T15:32:15.035256 [S1AP   ] [D] Proc "MME Connection" - Connection to MME requested.
2023-06-30T15:32:15.035262 [S1AP   ] [I] Connecting to MME 127.0.1.100:36412
2023-06-30T15:32:15.035275 [COMN   ] [D] [    0] Opened SCTP socket=8
2023-06-30T15:32:15.035280 [COMN   ] [D] [    0] Setting RTO_INFO options on SCTP socket. Association 0, Initial RTO 3000, Minimum RTO 1000, Maximum RTO 6000
2023-06-30T15:32:15.035282 [COMN   ] [D] [    0] Setting SCTP_INITMSG options on SCTP socket. Max attempts 3, Max init attempts timeout 5000
2023-06-30T15:32:15.035285 [COMN   ] [D] [    0] Successfully bound to address 127.0.1.1:2152
2023-06-30T15:32:15.035289 [COMN   ] [D] [    0] Successfully bound to address 127.0.1.1:0
2023-06-30T15:32:15.035290 [S1AP   ] [I] SCTP socket opened. fd=8
2023-06-30T15:32:15.035292 [COMN   ] [D] [    0] RxSockets: socket fd=7 has been registered.
2023-06-30T15:32:15.035372 [S1AP   ] [I] SCTP socket connected with MME. fd=8
2023-06-30T15:32:15.037134 [RF     ] [I] Configuring physical DL channel 0 with band-pass filter (0.0, 0.0)
2023-06-30T15:32:15.037135 [RF     ] [I] Configuring physical UL channel 0 with band-pass filter (0.0, 0.0)
2023-06-30T15:32:15.037650 [COMN   ] [D] [    0] RxSockets: socket fd=8 has been registered.
2023-06-30T15:32:15.037652 [S1AP   ] [I] SCTP socket established with MME
2023-06-30T15:32:15.037681 [S1AP   ] [I] Proc "MME Connection" - Connected to MME. Sending S1 setup request.
2023-06-30T15:32:15.038300 [S1AP   ] [I] Tx S1AP SDU, s1SetupRequest
    0000: 00 11 00 2d 00 00 04 00 3b 00 08 00 00 f1 10 00
    0010: 00 19 b0 00 3c 40 0a 03 80 73 72 73 65 6e 62 30
2023-06-30T15:32:15.038364 [S1AP   ] [I] Proc "MME Connection" - S1 setup request sent. Waiting for response.
2023-06-30T15:32:15.040364 [S1AP   ] [I] Rx S1AP SDU - S1SetupResponse
    0000: 20 11 00 25 00 00 03 00 3d 40 0a 03 80 73 72 73
    0010: 6d 6d 65 30 31 00 69 00 0b 00 00 00 f1 10 00 00
2023-06-30T15:32:15.040368 [S1AP   ] [I] Proc "MME Connection" - S1Setup procedure completed successfully
2023-06-30T15:32:15.342844 [PHY0   ] [I] [    0] Component Carrier Worker 0 configured cell 50 PRB
2023-06-30T15:32:15.342910 [PHY0   ] [I] [    0] Worker 0 configured cell 50 PRB
2023-06-30T15:32:15.472497 [PHY1   ] [I] [    0] Component Carrier Worker 0 configured cell 50 PRB
2023-06-30T15:32:15.472564 [PHY1   ] [I] [    0] Worker 0 configured cell 50 PRB
2023-06-30T15:32:15.601906 [PHY2   ] [I] [    0] Component Carrier Worker 0 configured cell 50 PRB
2023-06-30T15:32:15.601966 [PHY2   ] [I] [    0] Worker 0 configured cell 50 PRB
2023-06-30T15:32:15.613360 [RF     ] [I] Mapping RF channel 0 (device=0, channel=0) to logical carrier 0 on f_tx=2680.0 MHz
2023-06-30T15:32:15.613363 [RF     ] [I] Mapping RF channel 0 (device=0, channel=0) to logical carrier 0 on f_rx=2560.0 MHz
2023-06-30T15:32:15.613365 [PHY    ] [I] [    0] Starting RX/TX thread nof_prb=50, sf_len=11520
2023-06-30T15:32:18.110441 [PHY    ] [D] [10236] Setting TTI=10236, tx_time=0:0.004000 to worker 0
2023-06-30T15:32:18.110462 [PHY0   ] [D] [10236] Worker 0 running
2023-06-30T15:32:18.110624 [PHY0   ] [D] [10236] Sending to radio
2023-06-30T15:32:18.134213 [COMN   ] [D] [    0] RxSockets: Closing rx socket handler thread
2023-06-30T15:32:18.134881 [COMN   ] [D] [    0] RxSockets: closed.
2023-06-30T15:32:18.134942 [COMN   ] [D] [    0] Socket=8 was closed.
2023-06-30T15:32:18.138140 [COMN   ] [D] [    0] Socket=-1 could not be closed.
2023-06-30T15:32:18.138532 [COMN   ] [D] [    0] Socket=-1 could not be closed.
