2023-06-28T17:03:00.700780 [UE     ] [I] Using binary ./build/srsue/src/srsue with arguments: --config_file ./configs_USRP/ue.conf 
2023-06-28T17:03:00.731707 [UE     ] [I] Built in Release mode using commit 8c26363 on branch main.
2023-06-28T17:03:00.788229 [RF     ] [I] Configuring physical DL channel 0 with band-pass filter (0.0, 0.0)
2023-06-28T17:03:00.788230 [RF     ] [I] Configuring physical UL channel 0 with band-pass filter (0.0, 0.0)
2023-06-28T17:03:02.342872 [STCK   ] [I] Open mac pcap file pcaps/ue_mac.pcap
2023-06-28T17:03:02.344919 [STCK   ] [I] Open mac nr pcap file pcaps/ue_mac_nr.pcap
2023-06-28T17:03:02.344966 [STCK   ] [I] Open nas pcap file pcaps/ue_nas.pcap
2023-06-28T17:03:02.353631 [MAC    ] [I] [    0] Resetting MAC
2023-06-28T17:03:02.353635 [MAC    ] [D] [    0] Msg3 buffer flushed
2023-06-28T17:03:02.353637 [MAC    ] [I] [    0] Logical Channel Setup: LCID=0, LCG=0, priority=0, PBR=-1, BSD=50ms, bucket_size=0
2023-06-28T17:03:02.353640 [MAC    ] [I] [    0] Logical Channel Setup: LCID=1, LCG=0, priority=1, PBR=-1, BSD=50ms, bucket_size=0
2023-06-28T17:03:02.353648 [MAC    ] [D] [    0] After MAC reset:
- lcid=0, lcg=0, prio=0, Bj=0, PBR=-1, BSD=50, buffer_len=0, sched_len=0
- lcid=1, lcg=0, prio=1, Bj=0, PBR=-1, BSD=50, buffer_len=0, sched_len=0
2023-06-28T17:03:02.353650 [MAC    ] [I] [    0] Setting configuration
2023-06-28T17:03:02.353651 [MAC    ] [I] [    0] BSR:   Configured timer reTX 2560 ms
2023-06-28T17:03:02.353657 [RLC    ] [I] Added LTE radio bearer with LCID 0 in Transparent Mode
2023-06-28T17:03:02.353671 [USIM   ] [I] Read Home PLMN Id=00101
2023-06-28T17:03:02.353725 [NAS    ] [I] Read GUTI from file m_tmsi: c54a9fcf, mcc: 1, mnc: 1, mme_group_id: 1, mme_code: 1a
2023-06-28T17:03:02.353731 [NAS    ] [I] Read security ctxt from file .ctxt. ksi: 0, k_asme: a6a33ab59a00973d757f068ba7cf8aec088d9171cd3538b2c33c2dca8827a190, tx_count: 33, rx_count: 23, int_alg: 1, enc_alg: 0
2023-06-28T17:03:02.353732 [RRC    ] [I] Set ue-Identity to 0x26:0x3310002127
2023-06-28T17:03:02.353743 [NAS    ] [D] NAS encryption key - k_nas_enc
    0000: 7b 6f 61 b1 47 c3 42 7e ff 87 99 59 42 6f 1d 21
    0010: 72 44 a2 38 d6 36 ce f8 c8 1d 2b b1 7a 78 e4 cd
2023-06-28T17:03:02.353743 [NAS    ] [D] NAS integrity key - k_nas_int
    0000: ef a0 d8 c7 70 a7 0e 06 d6 92 6f d6 97 68 be de
    0010: d1 09 0f 4e 81 c4 f6 c2 5c 4e b2 6b 6c 25 30 80
2023-06-28T17:03:02.358715 [RLC-NR ] [I] Added LTE radio bearer with LCID 0 in Transparent Mode
2023-06-28T17:03:02.358723 [RRC    ] [I] using srand seed of 358723
2023-06-28T17:03:02.709654 [PHY    ] [D] [    0] SYNC:  state=IDLE, tti=0
2023-06-28T17:03:02.709656 [PHY    ] [D] [    0] Discarding 1920 samples
2023-06-28T17:03:02.711792 [MAC    ] [D] [    0] DL retx: 0.00 %, perpkt: 0.00, UL retx: 0.00 % perpkt: 0.00
2023-06-28T17:03:02.711795 [RLC    ] [D] lcid=0, rx_rate_mbps=0.00 (real=0.00), tx_rate_mbps=0.00 (real=0.00)
2023-06-28T17:03:02.711880 [GW     ] [D] gw_rx_rate_mbps=0.00 (real=0.00), gw_tx_rate_mbps=0.00 (real=0.00)
2023-06-28T17:03:02.714017 [STCK   ] [I] Triggering NAS switch on
2023-06-28T17:03:02.714122 [NAS    ] [I] Switching on
2023-06-28T17:03:02.714129 [NAS    ] [D] Changed to EMM state: DEREGISTERED, with substate PLMN-SEARCH
2023-06-28T17:03:02.714130 [NAS    ] [I] Switching off
2023-06-28T17:03:02.714130 [NAS    ] [D] Clearing EPS bearer context
2023-06-28T17:03:02.714130 [NAS    ] [D] Changed to EMM state: NULL
2023-06-28T17:03:02.714132 [MAC    ] [D] [    0] DL retx: 0.00 %, perpkt: 0.00, UL retx: 0.00 % perpkt: 0.00
2023-06-28T17:03:02.714135 [RLC    ] [D] lcid=0, rx_rate_mbps=0.00 (real=0.00), tx_rate_mbps=0.00 (real=0.00)
2023-06-28T17:03:02.732170 [NAS    ] [I] Saved GUTI to file m_tmsi: c54a9fcf, mcc: 1, mnc: 1, mme_group_id: 1, mme_code: 1a
2023-06-28T17:03:02.732174 [NAS    ] [I] Saved security ctxt to file .ctxt. ksi: 0, k_asme: a6a33ab59a00973d757f068ba7cf8aec088d9171cd3538b2c33c2dca8827a190, tx_count: 33, rx_count: 23, int_alg: 1, enc_alg: 0
2023-06-28T17:03:02.732201 [MAC    ] [D] [    0] Running MAC tti=0
2023-06-28T17:03:02.732202 [MAC    ] [D] [    0] Update Bj: lcid=0, Bj=0
2023-06-28T17:03:02.732202 [MAC    ] [D] [    0] Update Bj: lcid=1, Bj=0
2023-06-28T17:03:02.732206 [MAC    ] [D] [    0] RA:    IDLE:    rar_window_start=-1, rar_window_length=-1
2023-06-28T17:03:02.811075 [PHY    ] [D] [    0] run_stack_tti: from recv
2023-06-28T17:03:02.811077 [PHY    ] [D] [    0] SYNC:  Setting initial TTI time to 1.276317
2023-06-28T17:03:02.811078 [PHY    ] [D] [    0] run_stack_tti: calling stack tti=0, tti_jump=1
2023-06-28T17:03:02.811078 [PHY    ] [D] [    0] run_stack_tti: stack called
2023-06-28T17:03:02.811079 [PHY    ] [D] [    0] SYNC:  received 1920 samples from radio
